<?xml version="1.0" encoding="UTF-8"?>
<!-- Generated by org.testng.reporters.JUnitReportReporter -->
<testsuite hostname="LAPTOP-CQL946G0" failures="0" tests="1" name="demoPkg.Demo" time="7.111" errors="0" timestamp="2024-01-28T17:04:25 IST" skipped="0">
  <testcase classname="demoPkg.Demo" name="operation" time="7.111"/>
  <system-out/>
</testsuite> <!-- demoPkg.Demo -->
